<?xml version="1.0" encoding="UTF-8"?>
<robot generator="Robot 6.1.1 (Python 3.11.5 on win32)" generated="20231011 20:31:49.452" rpa="false" schemaversion="4">
<suite id="s1" name="Test" source="C:\Users\home\OneDrive\Desktop\prexam\test.robot">
<test id="s1-t1" name="is_prime" line="6">
<kw name="GET" library="RequestsLibrary">
<var>${response}</var>
<arg>http://localhost:5050/is_prime/17</arg>
<doc>Sends a GET request.</doc>
<msg timestamp="20231011 20:31:51.560" level="INFO">GET Request : url=http://localhost:5050/is_prime/17 
 path_url=/is_prime/17 
 headers={'User-Agent': 'python-requests/2.31.0', 'Accept-Encoding': 'gzip, deflate', 'Accept': '*/*', 'Connection': 'keep-alive'} 
 body=None 
 </msg>
<msg timestamp="20231011 20:31:51.560" level="INFO">GET Response : url=http://localhost:5050/is_prime/17 
 status=200, reason=OK 
 headers={'Server': 'Werkzeug/3.0.0 Python/3.11.5', 'Date': 'Wed, 11 Oct 2023 13:31:51 GMT', 'Content-Type': 'text/html; charset=utf-8', 'Content-Length': '4', 'Connection': 'close'} 
 body=True 
 </msg>
<msg timestamp="20231011 20:31:51.560" level="INFO">${response} = &lt;Response [200]&gt;</msg>
<status status="PASS" starttime="20231011 20:31:49.550" endtime="20231011 20:31:51.560"/>
</kw>
<kw name="Should Be Equal As Integers" library="BuiltIn">
<arg>${response.status_code}</arg>
<arg>200</arg>
<doc>Fails if objects are unequal after converting them to integers.</doc>
<msg timestamp="20231011 20:31:51.562" level="INFO">Argument types are:
&lt;class 'int'&gt;
&lt;class 'str'&gt;</msg>
<status status="PASS" starttime="20231011 20:31:51.561" endtime="20231011 20:31:51.562"/>
</kw>
<kw name="Should Be Equal As Strings" library="BuiltIn">
<arg>${response.content}</arg>
<arg>True</arg>
<doc>Fails if objects are unequal after converting them to strings.</doc>
<msg timestamp="20231011 20:31:51.562" level="INFO">Argument types are:
&lt;class 'bytes'&gt;
&lt;class 'str'&gt;</msg>
<status status="PASS" starttime="20231011 20:31:51.562" endtime="20231011 20:31:51.562"/>
</kw>
<kw name="GET" library="RequestsLibrary">
<var>${response}</var>
<arg>http://localhost:5050/is_prime/36</arg>
<doc>Sends a GET request.</doc>
<msg timestamp="20231011 20:31:53.568" level="INFO">GET Request : url=http://localhost:5050/is_prime/36 
 path_url=/is_prime/36 
 headers={'User-Agent': 'python-requests/2.31.0', 'Accept-Encoding': 'gzip, deflate', 'Accept': '*/*', 'Connection': 'keep-alive'} 
 body=None 
 </msg>
<msg timestamp="20231011 20:31:53.568" level="INFO">GET Response : url=http://localhost:5050/is_prime/36 
 status=200, reason=OK 
 headers={'Server': 'Werkzeug/3.0.0 Python/3.11.5', 'Date': 'Wed, 11 Oct 2023 13:31:53 GMT', 'Content-Type': 'text/html; charset=utf-8', 'Content-Length': '5', 'Connection': 'close'} 
 body=False 
 </msg>
<msg timestamp="20231011 20:31:53.568" level="INFO">${response} = &lt;Response [200]&gt;</msg>
<status status="PASS" starttime="20231011 20:31:51.563" endtime="20231011 20:31:53.568"/>
</kw>
<kw name="Should Be Equal As Integers" library="BuiltIn">
<arg>${response.status_code}</arg>
<arg>200</arg>
<doc>Fails if objects are unequal after converting them to integers.</doc>
<msg timestamp="20231011 20:31:53.569" level="INFO">Argument types are:
&lt;class 'int'&gt;
&lt;class 'str'&gt;</msg>
<status status="PASS" starttime="20231011 20:31:53.568" endtime="20231011 20:31:53.569"/>
</kw>
<kw name="Should Be Equal As Strings" library="BuiltIn">
<arg>${response.content}</arg>
<arg>False</arg>
<doc>Fails if objects are unequal after converting them to strings.</doc>
<msg timestamp="20231011 20:31:53.570" level="INFO">Argument types are:
&lt;class 'bytes'&gt;
&lt;class 'str'&gt;</msg>
<status status="PASS" starttime="20231011 20:31:53.570" endtime="20231011 20:31:53.570"/>
</kw>
<kw name="GET" library="RequestsLibrary">
<var>${response}</var>
<arg>http://localhost:5050/is_prime/13219</arg>
<doc>Sends a GET request.</doc>
<msg timestamp="20231011 20:31:55.579" level="INFO">GET Request : url=http://localhost:5050/is_prime/13219 
 path_url=/is_prime/13219 
 headers={'User-Agent': 'python-requests/2.31.0', 'Accept-Encoding': 'gzip, deflate', 'Accept': '*/*', 'Connection': 'keep-alive'} 
 body=None 
 </msg>
<msg timestamp="20231011 20:31:55.579" level="INFO">GET Response : url=http://localhost:5050/is_prime/13219 
 status=200, reason=OK 
 headers={'Server': 'Werkzeug/3.0.0 Python/3.11.5', 'Date': 'Wed, 11 Oct 2023 13:31:55 GMT', 'Content-Type': 'text/html; charset=utf-8', 'Content-Length': '4', 'Connection': 'close'} 
 body=True 
 </msg>
<msg timestamp="20231011 20:31:55.579" level="INFO">${response} = &lt;Response [200]&gt;</msg>
<status status="PASS" starttime="20231011 20:31:53.570" endtime="20231011 20:31:55.579"/>
</kw>
<kw name="Should Be Equal As Integers" library="BuiltIn">
<arg>${response.status_code}</arg>
<arg>200</arg>
<doc>Fails if objects are unequal after converting them to integers.</doc>
<msg timestamp="20231011 20:31:55.581" level="INFO">Argument types are:
&lt;class 'int'&gt;
&lt;class 'str'&gt;</msg>
<status status="PASS" starttime="20231011 20:31:55.580" endtime="20231011 20:31:55.581"/>
</kw>
<kw name="Should Be Equal As Strings" library="BuiltIn">
<arg>${response.content}</arg>
<arg>True</arg>
<doc>Fails if objects are unequal after converting them to strings.</doc>
<msg timestamp="20231011 20:31:55.582" level="INFO">Argument types are:
&lt;class 'bytes'&gt;
&lt;class 'str'&gt;</msg>
<status status="PASS" starttime="20231011 20:31:55.581" endtime="20231011 20:31:55.582"/>
</kw>
<status status="PASS" starttime="20231011 20:31:49.550" endtime="20231011 20:31:55.582"/>
</test>
<status status="PASS" starttime="20231011 20:31:49.454" endtime="20231011 20:31:55.582"/>
</suite>
<statistics>
<total>
<stat pass="1" fail="0" skip="0">All Tests</stat>
</total>
<tag>
</tag>
<suite>
<stat pass="1" fail="0" skip="0" id="s1" name="Test">Test</stat>
</suite>
</statistics>
<errors>
</errors>
</robot>
